# JRE version: OpenJDK Runtime Environment (8.0_152-b01) (build 1.8.0_152-release-915-b01)
# Java VM: OpenJDK 64-Bit Server VM (25.152-b01 mixed mode linux-amd64 compressed oops)
Heap:
 PSYoungGen      total 312832K, used 269857K [0x00000000eab00000, 0x0000000100000000, 0x0000000100000000)
  eden space 284672K, 94% used [0x00000000eab00000,0x00000000fb288560,0x00000000fc100000)
  from space 28160K, 0% used [0x00000000fe480000,0x00000000fe480000,0x0000000100000000)
  to   space 32256K, 0% used [0x00000000fc100000,0x00000000fc100000,0x00000000fe080000)
 ParOldGen       total 248832K, used 45719K [0x00000000c0000000, 0x00000000cf300000, 0x00000000eab00000)
  object space 248832K, 18% used [0x00000000c0000000,0x00000000c2ca5d28,0x00000000cf300000)
 Metaspace       used 62961K, capacity 66258K, committed 66392K, reserved 1105920K
  class space    used 8475K, capacity 9310K, committed 9344K, reserved 1048576K
GC Heap History (10 events):
Event: 3.475 GC heap before
{Heap before GC invocations=7 (full 2):
 PSYoungGen      total 264192K, used 10155K [0x00000000eab00000, 0x00000000fc580000, 0x0000000100000000)
  eden space 253952K, 0% used [0x00000000eab00000,0x00000000eab00000,0x00000000fa300000)
  from space 10240K, 99% used [0x00000000fa300000,0x00000000faceaca8,0x00000000fad00000)
  to   space 13824K, 0% used [0x00000000fb800000,0x00000000fb800000,0x00000000fc580000)
 ParOldGen       total 104960K, used 9976K [0x00000000c0000000, 0x00000000c6680000, 0x00000000eab00000)
  object space 104960K, 9% used [0x00000000c0000000,0x00000000c09be040,0x00000000c6680000)
 Metaspace       used 34495K, capacity 35210K, committed 35416K, reserved 1079296K
  class space    used 4689K, capacity 4978K, committed 4992K, reserved 1048576K
Event: 3.522 GC heap after
Heap after GC invocations=7 (full 2):
 PSYoungGen      total 264192K, used 0K [0x00000000eab00000, 0x00000000fc580000, 0x0000000100000000)
  eden space 253952K, 0% used [0x00000000eab00000,0x00000000eab00000,0x00000000fa300000)
  from space 10240K, 0% used [0x00000000fa300000,0x00000000fa300000,0x00000000fad00000)
  to   space 13824K, 0% used [0x00000000fb800000,0x00000000fb800000,0x00000000fc580000)
 ParOldGen       total 169472K, used 16674K [0x00000000c0000000, 0x00000000ca580000, 0x00000000eab00000)
  object space 169472K, 9% used [0x00000000c0000000,0x00000000c1048820,0x00000000ca580000)
 Metaspace       used 34495K, capacity 35210K, committed 35416K, reserved 1079296K
  class space    used 4689K, capacity 4978K, committed 4992K, reserved 1048576K
}
Event: 5.094 GC heap before
{Heap before GC invocations=8 (full 2):
 PSYoungGen      total 264192K, used 253952K [0x00000000eab00000, 0x00000000fc580000, 0x0000000100000000)
  eden space 253952K, 100% used [0x00000000eab00000,0x00000000fa300000,0x00000000fa300000)
  from space 10240K, 0% used [0x00000000fa300000,0x00000000fa300000,0x00000000fad00000)
  to   space 13824K, 0% used [0x00000000fb800000,0x00000000fb800000,0x00000000fc580000)
 ParOldGen       total 169472K, used 16674K [0x00000000c0000000, 0x00000000ca580000, 0x00000000eab00000)
  object space 169472K, 9% used [0x00000000c0000000,0x00000000c1048820,0x00000000ca580000)
 Metaspace       used 47319K, capacity 48378K, committed 48472K, reserved 1091584K
  class space    used 6330K, capacity 6732K, committed 6784K, reserved 1048576K
Event: 5.116 GC heap after
Heap after GC invocations=8 (full 2):
 PSYoungGen      total 269824K, used 13813K [0x00000000eab00000, 0x0000000100000000, 0x0000000100000000)
  eden space 256000K, 0% used [0x00000000eab00000,0x00000000eab00000,0x00000000fa500000)
  from space 13824K, 99% used [0x00000000fb800000,0x00000000fc57d5a0,0x00000000fc580000)
  to   space 19456K, 0% used [0x00000000fa500000,0x00000000fa500000,0x00000000fb800000)
 ParOldGen       total 169472K, used 23311K [0x00000000c0000000, 0x00000000ca580000, 0x00000000eab00000)
  object space 169472K, 13% used [0x00000000c0000000,0x00000000c16c3e98,0x00000000ca580000)
 Metaspace       used 47319K, capacity 48378K, committed 48472K, reserved 1091584K
  class space    used 6330K, capacity 6732K, committed 6784K, reserved 1048576K
}
Event: 6.609 GC heap before
{Heap before GC invocations=9 (full 2):
 PSYoungGen      total 269824K, used 269813K [0x00000000eab00000, 0x0000000100000000, 0x0000000100000000)
  eden space 256000K, 100% used [0x00000000eab00000,0x00000000fa500000,0x00000000fa500000)
  from space 13824K, 99% used [0x00000000fb800000,0x00000000fc57d5a0,0x00000000fc580000)
  to   space 19456K, 0% used [0x00000000fa500000,0x00000000fa500000,0x00000000fb800000)
 ParOldGen       total 169472K, used 23311K [0x00000000c0000000, 0x00000000ca580000, 0x00000000eab00000)
  object space 169472K, 13% used [0x00000000c0000000,0x00000000c16c3e98,0x00000000ca580000)
 Metaspace       used 55497K, capacity 57624K, committed 57944K, reserved 1099776K
  class space    used 7601K, capacity 8234K, committed 8320K, reserved 1048576K
Event: 6.630 GC heap after
Heap after GC invocations=9 (full 2):
 PSYoungGen      total 275456K, used 19440K [0x00000000eab00000, 0x0000000100000000, 0x0000000100000000)
  eden space 256000K, 0% used [0x00000000eab00000,0x00000000eab00000,0x00000000fa500000)
  from space 19456K, 99% used [0x00000000fa500000,0x00000000fb7fc100,0x00000000fb800000)
  to   space 28160K, 0% used [0x00000000fe480000,0x00000000fe480000,0x0000000100000000)
 ParOldGen       total 169472K, used 35331K [0x00000000c0000000, 0x00000000ca580000, 0x00000000eab00000)
  object space 169472K, 20% used [0x00000000c0000000,0x00000000c2280ee0,0x00000000ca580000)
 Metaspace       used 55497K, capacity 57624K, committed 57944K, reserved 1099776K
  class space    used 7601K, capacity 8234K, committed 8320K, reserved 1048576K
}
Event: 6.982 GC heap before
{Heap before GC invocations=10 (full 2):
 PSYoungGen      total 275456K, used 99865K [0x00000000eab00000, 0x0000000100000000, 0x0000000100000000)
  eden space 256000K, 31% used [0x00000000eab00000,0x00000000ef98a498,0x00000000fa500000)
  from space 19456K, 99% used [0x00000000fa500000,0x00000000fb7fc100,0x00000000fb800000)
  to   space 28160K, 0% used [0x00000000fe480000,0x00000000fe480000,0x0000000100000000)
 ParOldGen       total 169472K, used 35331K [0x00000000c0000000, 0x00000000ca580000, 0x00000000eab00000)
  object space 169472K, 20% used [0x00000000c0000000,0x00000000c2280ee0,0x00000000ca580000)
 Metaspace       used 56698K, capacity 58946K, committed 59028K, reserved 1099776K
  class space    used 7763K, capacity 8382K, committed 8448K, reserved 1048576K
Event: 7.030 GC heap after
Heap after GC invocations=10 (full 2):
 PSYoungGen      total 312832K, used 27629K [0x00000000eab00000, 0x0000000100000000, 0x0000000100000000)
  eden space 284672K, 0% used [0x00000000eab00000,0x00000000eab00000,0x00000000fc100000)
  from space 28160K, 98% used [0x00000000fe480000,0x00000000fff7b700,0x0000000100000000)
  to   space 32256K, 0% used [0x00000000fc100000,0x00000000fc100000,0x00000000fe080000)
 ParOldGen       total 169472K, used 35339K [0x00000000c0000000, 0x00000000ca580000, 0x00000000eab00000)
  object space 169472K, 20% used [0x00000000c0000000,0x00000000c2282ee0,0x00000000ca580000)
 Metaspace       used 56698K, capacity 58946K, committed 59028K, reserved 1099776K
  class space    used 7763K, capacity 8382K, committed 8448K, reserved 1048576K
}
Event: 7.030 GC heap before
{Heap before GC invocations=11 (full 3):
 PSYoungGen      total 312832K, used 27629K [0x00000000eab00000, 0x0000000100000000, 0x0000000100000000)
  eden space 284672K, 0% used [0x00000000eab00000,0x00000000eab00000,0x00000000fc100000)
  from space 28160K, 98% used [0x00000000fe480000,0x00000000fff7b700,0x0000000100000000)
  to   space 32256K, 0% used [0x00000000fc100000,0x00000000fc100000,0x00000000fe080000)
 ParOldGen       total 169472K, used 35339K [0x00000000c0000000, 0x00000000ca580000, 0x00000000eab00000)
  object space 169472K, 20% used [0x00000000c0000000,0x00000000c2282ee0,0x00000000ca580000)
 Metaspace       used 56698K, capacity 58946K, committed 59028K, reserved 1099776K
  class space    used 7763K, capacity 8382K, committed 8448K, reserved 1048576K
Event: 7.281 GC heap after
Heap after GC invocations=11 (full 3):
 PSYoungGen      total 312832K, used 0K [0x00000000eab00000, 0x0000000100000000, 0x0000000100000000)
  eden space 284672K, 0% used [0x00000000eab00000,0x00000000eab00000,0x00000000fc100000)
  from space 28160K, 0% used [0x00000000fe480000,0x00000000fe480000,0x0000000100000000)
  to   space 32256K, 0% used [0x00000000fc100000,0x00000000fc100000,0x00000000fe080000)
 ParOldGen       total 248832K, used 45719K [0x00000000c0000000, 0x00000000cf300000, 0x00000000eab00000)
  object space 248832K, 18% used [0x00000000c0000000,0x00000000c2ca5d28,0x00000000cf300000)
 Metaspace       used 56698K, capacity 58946K, committed 59028K, reserved 1099776K
  class space    used 7763K, capacity 8382K, committed 8448K, reserved 1048576K
}

