# JRE version: OpenJDK Runtime Environment (8.0_152-b01) (build 1.8.0_152-release-915-b01)
# Java VM: OpenJDK 64-Bit Server VM (25.152-b01 mixed mode linux-amd64 compressed oops)
Heap:
 PSYoungGen      total 258560K, used 35852K [0x00000000eab00000, 0x00000000ff200000, 0x0000000100000000)
  eden space 193536K, 4% used [0x00000000eab00000,0x00000000eb3fb0b0,0x00000000f6800000)
  from space 65024K, 40% used [0x00000000fa600000,0x00000000fc008190,0x00000000fe580000)
  to   space 63488K, 0% used [0x00000000f6800000,0x00000000f6800000,0x00000000fa600000)
 ParOldGen       total 416256K, used 153208K [0x00000000c0000000, 0x00000000d9680000, 0x00000000eab00000)
  object space 416256K, 36% used [0x00000000c0000000,0x00000000c959e1a0,0x00000000d9680000)
 Metaspace       used 91002K, capacity 97202K, committed 97496K, reserved 1134592K
  class space    used 11410K, capacity 12732K, committed 12800K, reserved 1048576K
GC Heap History (10 events):
Event: 1352.978 GC heap before
{Heap before GC invocations=26 (full 4):
 PSYoungGen      total 262656K, used 199554K [0x00000000eab00000, 0x00000000ffd80000, 0x0000000100000000)
  eden space 188928K, 100% used [0x00000000eab00000,0x00000000f6380000,0x00000000f6380000)
  from space 73728K, 14% used [0x00000000f6380000,0x00000000f6de09b8,0x00000000fab80000)
  to   space 69632K, 0% used [0x00000000fb980000,0x00000000fb980000,0x00000000ffd80000)
 ParOldGen       total 416256K, used 153168K [0x00000000c0000000, 0x00000000d9680000, 0x00000000eab00000)
  object space 416256K, 36% used [0x00000000c0000000,0x00000000c95941a0,0x00000000d9680000)
 Metaspace       used 78141K, capacity 83362K, committed 83672K, reserved 1122304K
  class space    used 9990K, capacity 11137K, committed 11264K, reserved 1048576K
Event: 1352.984 GC heap after
Heap after GC invocations=26 (full 4):
 PSYoungGen      total 268800K, used 3312K [0x00000000eab00000, 0x00000000ff700000, 0x0000000100000000)
  eden space 205824K, 0% used [0x00000000eab00000,0x00000000eab00000,0x00000000f7400000)
  from space 62976K, 5% used [0x00000000fb980000,0x00000000fbcbc070,0x00000000ff700000)
  to   space 67072K, 0% used [0x00000000f7400000,0x00000000f7400000,0x00000000fb580000)
 ParOldGen       total 416256K, used 153176K [0x00000000c0000000, 0x00000000d9680000, 0x00000000eab00000)
  object space 416256K, 36% used [0x00000000c0000000,0x00000000c95961a0,0x00000000d9680000)
 Metaspace       used 78141K, capacity 83362K, committed 83672K, reserved 1122304K
  class space    used 9990K, capacity 11137K, committed 11264K, reserved 1048576K
}
Event: 1465.833 GC heap before
{Heap before GC invocations=27 (full 4):
 PSYoungGen      total 268800K, used 209136K [0x00000000eab00000, 0x00000000ff700000, 0x0000000100000000)
  eden space 205824K, 100% used [0x00000000eab00000,0x00000000f7400000,0x00000000f7400000)
  from space 62976K, 5% used [0x00000000fb980000,0x00000000fbcbc070,0x00000000ff700000)
  to   space 67072K, 0% used [0x00000000f7400000,0x00000000f7400000,0x00000000fb580000)
 ParOldGen       total 416256K, used 153176K [0x00000000c0000000, 0x00000000d9680000, 0x00000000eab00000)
  object space 416256K, 36% used [0x00000000c0000000,0x00000000c95961a0,0x00000000d9680000)
 Metaspace       used 78847K, capacity 84706K, committed 84824K, reserved 1122304K
  class space    used 10092K, capacity 11365K, committed 11392K, reserved 1048576K
Event: 1465.841 GC heap after
Heap after GC invocations=27 (full 4):
 PSYoungGen      total 205824K, used 4096K [0x00000000eab00000, 0x00000000fec80000, 0x0000000100000000)
  eden space 201216K, 0% used [0x00000000eab00000,0x00000000eab00000,0x00000000f6f80000)
  from space 4608K, 88% used [0x00000000f7400000,0x00000000f7800060,0x00000000f7880000)
  to   space 64000K, 0% used [0x00000000fae00000,0x00000000fae00000,0x00000000fec80000)
 ParOldGen       total 416256K, used 153184K [0x00000000c0000000, 0x00000000d9680000, 0x00000000eab00000)
  object space 416256K, 36% used [0x00000000c0000000,0x00000000c95981a0,0x00000000d9680000)
 Metaspace       used 78847K, capacity 84706K, committed 84824K, reserved 1122304K
  class space    used 10092K, capacity 11365K, committed 11392K, reserved 1048576K
}
Event: 1491.825 GC heap before
{Heap before GC invocations=28 (full 4):
 PSYoungGen      total 205824K, used 205312K [0x00000000eab00000, 0x00000000fec80000, 0x0000000100000000)
  eden space 201216K, 100% used [0x00000000eab00000,0x00000000f6f80000,0x00000000f6f80000)
  from space 4608K, 88% used [0x00000000f7400000,0x00000000f7800060,0x00000000f7880000)
  to   space 64000K, 0% used [0x00000000fae00000,0x00000000fae00000,0x00000000fec80000)
 ParOldGen       total 416256K, used 153184K [0x00000000c0000000, 0x00000000d9680000, 0x00000000eab00000)
  object space 416256K, 36% used [0x00000000c0000000,0x00000000c95981a0,0x00000000d9680000)
 Metaspace       used 81539K, capacity 87578K, committed 87640K, reserved 1126400K
  class space    used 10358K, capacity 11641K, committed 11648K, reserved 1048576K
Event: 1491.837 GC heap after
Heap after GC invocations=28 (full 4):
 PSYoungGen      total 249856K, used 20093K [0x00000000eab00000, 0x00000000fe200000, 0x0000000100000000)
  eden space 196608K, 0% used [0x00000000eab00000,0x00000000eab00000,0x00000000f6b00000)
  from space 53248K, 37% used [0x00000000fae00000,0x00000000fc19f6a8,0x00000000fe200000)
  to   space 60928K, 0% used [0x00000000f6b00000,0x00000000f6b00000,0x00000000fa680000)
 ParOldGen       total 416256K, used 153192K [0x00000000c0000000, 0x00000000d9680000, 0x00000000eab00000)
  object space 416256K, 36% used [0x00000000c0000000,0x00000000c959a1a0,0x00000000d9680000)
 Metaspace       used 81539K, capacity 87578K, committed 87640K, reserved 1126400K
  class space    used 10358K, capacity 11641K, committed 11648K, reserved 1048576K
}
Event: 1493.608 GC heap before
{Heap before GC invocations=29 (full 4):
 PSYoungGen      total 249856K, used 216701K [0x00000000eab00000, 0x00000000fe200000, 0x0000000100000000)
  eden space 196608K, 100% used [0x00000000eab00000,0x00000000f6b00000,0x00000000f6b00000)
  from space 53248K, 37% used [0x00000000fae00000,0x00000000fc19f6a8,0x00000000fe200000)
  to   space 60928K, 0% used [0x00000000f6b00000,0x00000000f6b00000,0x00000000fa680000)
 ParOldGen       total 416256K, used 153192K [0x00000000c0000000, 0x00000000d9680000, 0x00000000eab00000)
  object space 416256K, 36% used [0x00000000c0000000,0x00000000c959a1a0,0x00000000d9680000)
 Metaspace       used 90247K, capacity 96358K, committed 96728K, reserved 1132544K
  class space    used 11364K, capacity 12690K, committed 12800K, reserved 1048576K
Event: 1493.628 GC heap after
Heap after GC invocations=29 (full 4):
 PSYoungGen      total 230400K, used 38291K [0x00000000eab00000, 0x00000000fe580000, 0x0000000100000000)
  eden space 192000K, 0% used [0x00000000eab00000,0x00000000eab00000,0x00000000f6680000)
  from space 38400K, 99% used [0x00000000f6b00000,0x00000000f9064fa0,0x00000000f9080000)
  to   space 65024K, 0% used [0x00000000fa600000,0x00000000fa600000,0x00000000fe580000)
 ParOldGen       total 416256K, used 153200K [0x00000000c0000000, 0x00000000d9680000, 0x00000000eab00000)
  object space 416256K, 36% used [0x00000000c0000000,0x00000000c959c1a0,0x00000000d9680000)
 Metaspace       used 90247K, capacity 96358K, committed 96728K, reserved 1132544K
  class space    used 11364K, capacity 12690K, committed 12800K, reserved 1048576K
}
Event: 1494.888 GC heap before
{Heap before GC invocations=30 (full 4):
 PSYoungGen      total 230400K, used 230291K [0x00000000eab00000, 0x00000000fe580000, 0x0000000100000000)
  eden space 192000K, 100% used [0x00000000eab00000,0x00000000f6680000,0x00000000f6680000)
  from space 38400K, 99% used [0x00000000f6b00000,0x00000000f9064fa0,0x00000000f9080000)
  to   space 65024K, 0% used [0x00000000fa600000,0x00000000fa600000,0x00000000fe580000)
 ParOldGen       total 416256K, used 153200K [0x00000000c0000000, 0x00000000d9680000, 0x00000000eab00000)
  object space 416256K, 36% used [0x00000000c0000000,0x00000000c959c1a0,0x00000000d9680000)
 Metaspace       used 90996K, capacity 97202K, committed 97496K, reserved 1134592K
  class space    used 11410K, capacity 12732K, committed 12800K, reserved 1048576K
Event: 1494.916 GC heap after
Heap after GC invocations=30 (full 4):
 PSYoungGen      total 258560K, used 26656K [0x00000000eab00000, 0x00000000ff200000, 0x0000000100000000)
  eden space 193536K, 0% used [0x00000000eab00000,0x00000000eab00000,0x00000000f6800000)
  from space 65024K, 40% used [0x00000000fa600000,0x00000000fc008190,0x00000000fe580000)
  to   space 63488K, 0% used [0x00000000f6800000,0x00000000f6800000,0x00000000fa600000)
 ParOldGen       total 416256K, used 153208K [0x00000000c0000000, 0x00000000d9680000, 0x00000000eab00000)
  object space 416256K, 36% used [0x00000000c0000000,0x00000000c959e1a0,0x00000000d9680000)
 Metaspace       used 90996K, capacity 97202K, committed 97496K, reserved 1134592K
  class space    used 11410K, capacity 12732K, committed 12800K, reserved 1048576K
}

